<?xml version="1.0" encoding="UTF-8"?>
<testsuite name="com.example.project.TestFibonacci" tests="5" skipped="0" failures="0" errors="0" timestamp="2025-01-07T01:03:23" hostname="codespaces-beb1f6" time="0.064">
  <properties/>
  <testcase name="testGetIndexOf()" classname="com.example.project.TestFibonacci" time="0.03"/>
  <testcase name="testGetSequence()" classname="com.example.project.TestFibonacci" time="0.003"/>
  <testcase name="testExtendBy()" classname="com.example.project.TestFibonacci" time="0.003"/>
  <testcase name="testFibonacciString()" classname="com.example.project.TestFibonacci" time="0.016"/>
  <testcase name="testConstructor()" classname="com.example.project.TestFibonacci" time="0.001"/>
  <system-out><![CDATA[]]></system-out>
  <system-err><![CDATA[]]></system-err>
</testsuite>
