<?xml version="1.0" encoding="UTF-8"?>
<testsuite name="com.example.project.TestTriangle" tests="3" skipped="0" failures="0" errors="0" timestamp="2025-01-07T01:03:23" hostname="codespaces-beb1f6" time="0.025">
  <properties/>
  <testcase name="testConstructorAndGetVertices()" classname="com.example.project.TestTriangle" time="0.001"/>
  <testcase name="testTriangleInfo()" classname="com.example.project.TestTriangle" time="0.018"/>
  <testcase name="testPerimeter()" classname="com.example.project.TestTriangle" time="0.002"/>
  <system-out><![CDATA[]]></system-out>
  <system-err><![CDATA[]]></system-err>
</testsuite>
